app/build/intermediates/manifest_merge_blame_file/debug/manifest-merger-blame-debug-report.txt
1<?xml version="1.0" encoding="utf-8"?>
2<manifest xmlns:android="http://schemas.android.com/apk/res/android"
3    package="com.example.womensecurity"
4    android:versionCode="1"
5    android:versionName="1.0" >
6
7    <uses-sdk
8        android:minSdkVersion="17"
8-->src\main\AndroidManifest.xml
9        android:targetSdkVersion="29" />
9-->src\main\AndroidManifest.xml
10
11    <uses-permission android:name="android.permission.ACCESS_COARSE_LOCATION" />
11-->src\main\AndroidManifest.xml:5:5-81
11-->src\main\AndroidManifest.xml:5:22-78
12    <uses-permission android:name="android.permission.INTERNET" />
12-->src\main\AndroidManifest.xml:6:5-67
12-->src\main\AndroidManifest.xml:6:22-64
13    <uses-permission android:name="android.permission.ACCESS_WIFI_STATE" />
13-->src\main\AndroidManifest.xml:7:5-76
13-->src\main\AndroidManifest.xml:7:22-73
14    <uses-permission android:name="android.permission.ACCESS_NETWORK_STATE" />
14-->src\main\AndroidManifest.xml:8:5-79
14-->src\main\AndroidManifest.xml:8:22-76
15    <uses-permission android:name="android.permission.READ_CONTACTS" />
15-->src\main\AndroidManifest.xml:9:5-72
15-->src\main\AndroidManifest.xml:9:22-69
16    <uses-permission android:name="android.permission.SEND_SMS" />
16-->src\main\AndroidManifest.xml:10:5-67
16-->src\main\AndroidManifest.xml:10:22-64
17    <uses-permission android:name="android.permission.ACCESS_FINE_LOCATION" />
17-->src\main\AndroidManifest.xml:12:5-79
17-->src\main\AndroidManifest.xml:12:22-76
18    <uses-permission android:name="android.permission.ACCESS_COARSE_LOCATION" />
18-->src\main\AndroidManifest.xml:5:5-81
18-->src\main\AndroidManifest.xml:5:22-78
19
20    <uses-feature
20-->src\main\AndroidManifest.xml:15:5-17:35
21        android:name="android.hardware.sensor.accelerometer"
21-->src\main\AndroidManifest.xml:16:9-61
22        android:required="true" />
22-->src\main\AndroidManifest.xml:17:9-32
23
24    <application
24-->src\main\AndroidManifest.xml:19:5-130:19
25        android:allowBackup="true"
25-->src\main\AndroidManifest.xml:20:9-35
26        android:appComponentFactory="androidx.core.app.CoreComponentFactory"
26-->[androidx.core:core:1.1.0] AndroidManifest.xml:24:18-86
27        android:debuggable="true"
28        android:icon="@mipmap/app_icons"
28-->src\main\AndroidManifest.xml:21:9-41
29        android:label="@string/app_name"
29-->src\main\AndroidManifest.xml:22:9-41
30        android:roundIcon="@mipmap/rounded_app_icons"
30-->src\main\AndroidManifest.xml:23:9-54
31        android:supportsRtl="true"
31-->src\main\AndroidManifest.xml:24:9-35
32        android:testOnly="true"
33        android:theme="@style/AppTheme" >
33-->src\main\AndroidManifest.xml:25:9-40
34        <activity
34-->src\main\AndroidManifest.xml:26:9-28:59
35            android:name="com.example.womensecurity.Video9Activity"
35-->src\main\AndroidManifest.xml:26:19-49
36            android:label="@string/app_name"
36-->src\main\AndroidManifest.xml:27:13-45
37            android:theme="@style/AppTheme.NoActionBar" />
37-->src\main\AndroidManifest.xml:28:13-56
38        <activity
38-->src\main\AndroidManifest.xml:29:9-31:59
39            android:name="com.example.womensecurity.Video8Activity"
39-->src\main\AndroidManifest.xml:29:19-49
40            android:label="@string/app_name"
40-->src\main\AndroidManifest.xml:30:13-45
41            android:theme="@style/AppTheme.NoActionBar" />
41-->src\main\AndroidManifest.xml:31:13-56
42        <activity
42-->src\main\AndroidManifest.xml:32:9-34:59
43            android:name="com.example.womensecurity.Video7Activity"
43-->src\main\AndroidManifest.xml:32:19-49
44            android:label="@string/app_name"
44-->src\main\AndroidManifest.xml:33:13-45
45            android:theme="@style/AppTheme.NoActionBar" />
45-->src\main\AndroidManifest.xml:34:13-56
46        <activity
46-->src\main\AndroidManifest.xml:35:9-37:59
47            android:name="com.example.womensecurity.Video6Activity"
47-->src\main\AndroidManifest.xml:35:19-49
48            android:label="@string/app_name"
48-->src\main\AndroidManifest.xml:36:13-45
49            android:theme="@style/AppTheme.NoActionBar" />
49-->src\main\AndroidManifest.xml:37:13-56
50        <activity
50-->src\main\AndroidManifest.xml:38:9-40:59
51            android:name="com.example.womensecurity.Video5Activity"
51-->src\main\AndroidManifest.xml:38:19-49
52            android:label="@string/app_name"
52-->src\main\AndroidManifest.xml:39:13-45
53            android:theme="@style/AppTheme.NoActionBar" />
53-->src\main\AndroidManifest.xml:40:13-56
54        <activity
54-->src\main\AndroidManifest.xml:41:9-43:59
55            android:name="com.example.womensecurity.Video4Activity"
55-->src\main\AndroidManifest.xml:41:19-49
56            android:label="@string/app_name"
56-->src\main\AndroidManifest.xml:42:13-45
57            android:theme="@style/AppTheme.NoActionBar" />
57-->src\main\AndroidManifest.xml:43:13-56
58        <activity
58-->src\main\AndroidManifest.xml:44:9-46:59
59            android:name="com.example.womensecurity.Video3Activity"
59-->src\main\AndroidManifest.xml:44:19-49
60            android:label="@string/app_name"
60-->src\main\AndroidManifest.xml:45:13-45
61            android:theme="@style/AppTheme.NoActionBar" />
61-->src\main\AndroidManifest.xml:46:13-56
62        <activity
62-->src\main\AndroidManifest.xml:47:9-49:59
63            android:name="com.example.womensecurity.Video2Activity"
63-->src\main\AndroidManifest.xml:47:19-49
64            android:label="@string/app_name"
64-->src\main\AndroidManifest.xml:48:13-45
65            android:theme="@style/AppTheme.NoActionBar" />
65-->src\main\AndroidManifest.xml:49:13-56
66        <activity
66-->src\main\AndroidManifest.xml:50:9-52:59
67            android:name="com.example.womensecurity.Video1Activity"
67-->src\main\AndroidManifest.xml:50:19-49
68            android:label="@string/app_name"
68-->src\main\AndroidManifest.xml:51:13-45
69            android:theme="@style/AppTheme.NoActionBar" />
69-->src\main\AndroidManifest.xml:52:13-56
70        <activity
70-->src\main\AndroidManifest.xml:53:9-56:59
71            android:name="com.example.womensecurity.VideosActivity"
71-->src\main\AndroidManifest.xml:54:13-43
72            android:label="@string/app_name"
72-->src\main\AndroidManifest.xml:55:13-45
73            android:theme="@style/AppTheme.NoActionBar" />
73-->src\main\AndroidManifest.xml:56:13-56
74        <activity
74-->src\main\AndroidManifest.xml:57:9-60:59
75            android:name="com.example.womensecurity.NumbersActivity"
75-->src\main\AndroidManifest.xml:58:13-44
76            android:label="@string/app_name"
76-->src\main\AndroidManifest.xml:59:13-45
77            android:theme="@style/AppTheme.NoActionBar" />
77-->src\main\AndroidManifest.xml:60:13-56
78        <activity
78-->src\main\AndroidManifest.xml:61:9-64:59
79            android:name="com.example.womensecurity.Law11Activity"
79-->src\main\AndroidManifest.xml:62:13-42
80            android:label="@string/app_name"
80-->src\main\AndroidManifest.xml:63:13-45
81            android:theme="@style/AppTheme.NoActionBar" />
81-->src\main\AndroidManifest.xml:64:13-56
82        <activity
82-->src\main\AndroidManifest.xml:65:9-68:59
83            android:name="com.example.womensecurity.Law10Activity"
83-->src\main\AndroidManifest.xml:66:13-42
84            android:label="@string/app_name"
84-->src\main\AndroidManifest.xml:67:13-45
85            android:theme="@style/AppTheme.NoActionBar" />
85-->src\main\AndroidManifest.xml:68:13-56
86        <activity
86-->src\main\AndroidManifest.xml:69:9-72:59
87            android:name="com.example.womensecurity.Law9Activity"
87-->src\main\AndroidManifest.xml:70:13-41
88            android:label="@string/app_name"
88-->src\main\AndroidManifest.xml:71:13-45
89            android:theme="@style/AppTheme.NoActionBar" />
89-->src\main\AndroidManifest.xml:72:13-56
90        <activity
90-->src\main\AndroidManifest.xml:73:9-76:59
91            android:name="com.example.womensecurity.Law8Activity"
91-->src\main\AndroidManifest.xml:74:13-41
92            android:label="@string/app_name"
92-->src\main\AndroidManifest.xml:75:13-45
93            android:theme="@style/AppTheme.NoActionBar" />
93-->src\main\AndroidManifest.xml:76:13-56
94        <activity
94-->src\main\AndroidManifest.xml:77:9-80:59
95            android:name="com.example.womensecurity.Law7Activity"
95-->src\main\AndroidManifest.xml:78:13-41
96            android:label="@string/app_name"
96-->src\main\AndroidManifest.xml:79:13-45
97            android:theme="@style/AppTheme.NoActionBar" />
97-->src\main\AndroidManifest.xml:80:13-56
98        <activity
98-->src\main\AndroidManifest.xml:81:9-84:59
99            android:name="com.example.womensecurity.Law6Activity"
99-->src\main\AndroidManifest.xml:82:13-41
100            android:label="@string/app_name"
100-->src\main\AndroidManifest.xml:83:13-45
101            android:theme="@style/AppTheme.NoActionBar" />
101-->src\main\AndroidManifest.xml:84:13-56
102        <activity
102-->src\main\AndroidManifest.xml:85:9-88:59
103            android:name="com.example.womensecurity.Law5Activity"
103-->src\main\AndroidManifest.xml:86:13-41
104            android:label="@string/app_name"
104-->src\main\AndroidManifest.xml:87:13-45
105            android:theme="@style/AppTheme.NoActionBar" />
105-->src\main\AndroidManifest.xml:88:13-56
106        <activity
106-->src\main\AndroidManifest.xml:89:9-92:59
107            android:name="com.example.womensecurity.Law4Activity"
107-->src\main\AndroidManifest.xml:90:13-41
108            android:label="@string/app_name"
108-->src\main\AndroidManifest.xml:91:13-45
109            android:theme="@style/AppTheme.NoActionBar" />
109-->src\main\AndroidManifest.xml:92:13-56
110        <activity
110-->src\main\AndroidManifest.xml:93:9-96:59
111            android:name="com.example.womensecurity.Law3Activity"
111-->src\main\AndroidManifest.xml:94:13-41
112            android:label="@string/app_name"
112-->src\main\AndroidManifest.xml:95:13-45
113            android:theme="@style/AppTheme.NoActionBar" />
113-->src\main\AndroidManifest.xml:96:13-56
114        <activity
114-->src\main\AndroidManifest.xml:97:9-100:59
115            android:name="com.example.womensecurity.Law2Activity"
115-->src\main\AndroidManifest.xml:98:13-41
116            android:label="@string/app_name"
116-->src\main\AndroidManifest.xml:99:13-45
117            android:theme="@style/AppTheme.NoActionBar" />
117-->src\main\AndroidManifest.xml:100:13-56
118        <activity
118-->src\main\AndroidManifest.xml:101:9-104:59
119            android:name="com.example.womensecurity.Law1Activity"
119-->src\main\AndroidManifest.xml:102:13-41
120            android:label="@string/app_name"
120-->src\main\AndroidManifest.xml:103:13-45
121            android:theme="@style/AppTheme.NoActionBar" />
121-->src\main\AndroidManifest.xml:104:13-56
122        <activity
122-->src\main\AndroidManifest.xml:105:9-108:59
123            android:name="com.example.womensecurity.LawsActivity"
123-->src\main\AndroidManifest.xml:106:13-41
124            android:label="@string/app_name"
124-->src\main\AndroidManifest.xml:107:13-45
125            android:theme="@style/AppTheme.NoActionBar" />
125-->src\main\AndroidManifest.xml:108:13-56
126        <activity
126-->src\main\AndroidManifest.xml:109:9-112:59
127            android:name="com.example.womensecurity.Tips2Activity"
127-->src\main\AndroidManifest.xml:110:13-42
128            android:label="@string/app_name"
128-->src\main\AndroidManifest.xml:111:13-45
129            android:theme="@style/AppTheme.NoActionBar" />
129-->src\main\AndroidManifest.xml:112:13-56
130        <activity
130-->src\main\AndroidManifest.xml:113:9-116:59
131            android:name="com.example.womensecurity.Tips1Activity"
131-->src\main\AndroidManifest.xml:114:13-42
132            android:label="@string/app_name"
132-->src\main\AndroidManifest.xml:115:13-45
133            android:theme="@style/AppTheme.NoActionBar" />
133-->src\main\AndroidManifest.xml:116:13-56
134        <activity
134-->src\main\AndroidManifest.xml:117:9-125:20
135            android:name="com.example.womensecurity.StartActivity"
135-->src\main\AndroidManifest.xml:118:13-42
136            android:theme="@style/Theme.AppCompat.NoActionBar" >
136-->src\main\AndroidManifest.xml:119:13-63
137            <intent-filter>
137-->src\main\AndroidManifest.xml:120:13-124:29
138                <action android:name="android.intent.action.MAIN" />
138-->src\main\AndroidManifest.xml:121:17-69
138-->src\main\AndroidManifest.xml:121:25-66
139
140                <category android:name="android.intent.category.LAUNCHER" />
140-->src\main\AndroidManifest.xml:123:17-77
140-->src\main\AndroidManifest.xml:123:27-74
141            </intent-filter>
142        </activity>
143        <activity
143-->src\main\AndroidManifest.xml:126:9-129:59
144            android:name="com.example.womensecurity.MainActivity"
144-->src\main\AndroidManifest.xml:127:13-41
145            android:label="@string/app_name"
145-->src\main\AndroidManifest.xml:128:13-45
146            android:theme="@style/AppTheme.NoActionBar" />
146-->src\main\AndroidManifest.xml:129:13-56
147    </application>
148
149</manifest>